Unity Editor version:    6000.0.21f1 (e2bacb8dee3a)
Branch:                  trunk
Build type:              Release
Batch mode:              YES
macOS version:           Version 15.1 (Build 24B83)
Darwin version:          24.1.0
Architecture:            arm64
Running under Rosetta:   NO
Available memory:        36864 MB
Using pre-set license
Pro License: YES

COMMAND LINE ARGUMENTS:
/Applications/Unity/Hub/Editor/6000.0.21f1/Unity.app/Contents/MacOS/Unity
-adb2
-batchMode
-noUpm
-name
AssetImportWorker36
-projectPath
/Users/brettgill/Documents/unity-projects/unity-endless-runner
-logFile
Logs/AssetImportWorker36.log
-srvPort
51406
-job-worker-count
5
-background-job-worker-count
8
-asset-garbage-collectors
1
Successfully changed project path to: /Users/brettgill/Documents/unity-projects/unity-endless-runner
/Users/brettgill/Documents/unity-projects/unity-endless-runner
[UnityMemory] Configuration Parameters - Can be set up in boot.config
    "memorysetup-bucket-allocator-granularity=16"
    "memorysetup-bucket-allocator-bucket-count=8"
    "memorysetup-bucket-allocator-block-size=33554432"
    "memorysetup-bucket-allocator-block-count=8"
    "memorysetup-main-allocator-block-size=16777216"
    "memorysetup-thread-allocator-block-size=16777216"
    "memorysetup-gfx-main-allocator-block-size=16777216"
    "memorysetup-gfx-thread-allocator-block-size=16777216"
    "memorysetup-cache-allocator-block-size=4194304"
    "memorysetup-typetree-allocator-block-size=2097152"
    "memorysetup-profiler-bucket-allocator-granularity=16"
    "memorysetup-profiler-bucket-allocator-bucket-count=8"
    "memorysetup-profiler-bucket-allocator-block-size=33554432"
    "memorysetup-profiler-bucket-allocator-block-count=8"
    "memorysetup-profiler-allocator-block-size=16777216"
    "memorysetup-profiler-editor-allocator-block-size=1048576"
    "memorysetup-temp-allocator-size-main=16777216"
    "memorysetup-job-temp-allocator-block-size=2097152"
    "memorysetup-job-temp-allocator-block-size-background=1048576"
    "memorysetup-job-temp-allocator-reduction-small-platforms=262144"
    "memorysetup-allocator-temp-initial-block-size-main=262144"
    "memorysetup-allocator-temp-initial-block-size-worker=262144"
    "memorysetup-temp-allocator-size-background-worker=32768"
    "memorysetup-temp-allocator-size-job-worker=262144"
    "memorysetup-temp-allocator-size-preload-manager=33554432"
    "memorysetup-temp-allocator-size-nav-mesh-worker=65536"
    "memorysetup-temp-allocator-size-audio-worker=65536"
    "memorysetup-temp-allocator-size-cloud-worker=32768"
    "memorysetup-temp-allocator-size-gi-baking-worker=262144"
    "memorysetup-temp-allocator-size-gi-baking-worker=262144"
    "memorysetup-temp-allocator-size-gi-baking-worker=262144"
    "memorysetup-temp-allocator-size-gi-baking-worker=262144"
    "memorysetup-temp-allocator-size-gi-baking-worker=262144"
    "memorysetup-temp-allocator-size-gfx=262144"
Player connection [8346597440]  Target information:

Player connection [8346597440]  * "[IP] 192.168.1.85 [Port] 0 [Flags] 2 [Guid] 4076248598 [EditorId] 4076248598 [Version] 1048832 [Id] OSXEditor(0,The-Lab.local) [Debug] 1 [PackageName] OSXEditor [ProjectName] Editor" 

Player connection [8346597440] Host joined multi-casting on [225.0.0.222:54997]...
Player connection [8346597440] Host joined alternative multi-casting on [225.0.0.222:34997]...
JobSystem: Creating JobQueue using job-worker-count value 5
[Physics::Module] Initialized fallback backend.
[Physics::Module] Id: 0xdecafbad
Library Redirect Path: Library/
[Physics::Module] Selected backend.
[Physics::Module] Name: PhysX
[Physics::Module] Id: 0xf2b8ea05
[Physics::Module] SDK Version: 4.1.2
[Physics::Module] Integration Version: 1.0.0
[Physics::Module] Threading Mode: Multi-Threaded
Refreshing native plugins compatible for Editor in 0.62 ms, found 3 plugins.
Preloading 0 native plugins for Editor in 0.00 ms.
Initialize engine version: 6000.0.21f1 (e2bacb8dee3a)
[Subsystems] Discovering subsystems at path /Applications/Unity/Hub/Editor/6000.0.21f1/Unity.app/Contents/Resources/UnitySubsystems
[Subsystems] Discovering subsystems at path /Users/brettgill/Documents/unity-projects/unity-endless-runner/Assets
GfxDevice: creating device client; kGfxThreadingModeNonThreaded
 preferred device: Apple M3 Pro (high power)
Metal devices available: 1
0: Apple M3 Pro (high power)
Using device Apple M3 Pro (high power)
Initializing Metal device caps: Apple M3 Pro
Initialize mono
Mono path[0] = '/Applications/Unity/Hub/Editor/6000.0.21f1/Unity.app/Contents/Managed'
Mono path[1] = '/Applications/Unity/Hub/Editor/6000.0.21f1/Unity.app/Contents/MonoBleedingEdge/lib/mono/unityjit-macos'
Mono config path = '/Applications/Unity/Hub/Editor/6000.0.21f1/Unity.app/Contents/MonoBleedingEdge/etc'
Using monoOptions --debugger-agent=transport=dt_socket,embedding=1,server=y,suspend=n,address=127.0.0.1:56693
Begin MonoManager ReloadAssembly
Registering precompiled unity dll's ...
Register platform support module: /Applications/Unity/Hub/Editor/6000.0.21f1/PlaybackEngines/WebGLSupport/UnityEditor.WebGL.Extensions.dll
Register platform support module: /Applications/Unity/Hub/Editor/6000.0.21f1/Unity.app/Contents/PlaybackEngines/MacStandaloneSupport/UnityEditor.OSXStandalone.Extensions.dll
Registered in 0.000699 seconds.
- Loaded All Assemblies, in  0.203 seconds
Native extension for OSXStandalone target not found
Native extension for WebGL target not found
Mono: successfully reloaded assembly
- Finished resetting the current domain, in  0.279 seconds
Domain Reload Profiling: 483ms
	BeginReloadAssembly (41ms)
		ExecutionOrderSort (0ms)
		DisableScriptedObjects (0ms)
		BackupInstance (0ms)
		ReleaseScriptingObjects (0ms)
		CreateAndSetChildDomain (0ms)
	RebuildCommonClasses (24ms)
	RebuildNativeTypeToScriptingClass (9ms)
	initialDomainReloadingComplete (26ms)
	LoadAllAssembliesAndSetupDomain (103ms)
		LoadAssemblies (41ms)
		RebuildTransferFunctionScriptingTraits (0ms)
		AnalyzeDomain (101ms)
			TypeCache.Refresh (100ms)
				TypeCache.ScanAssembly (91ms)
			BuildScriptInfoCaches (0ms)
			ResolveRequiredComponents (0ms)
	FinalizeReload (279ms)
		ReleaseScriptCaches (0ms)
		RebuildScriptCaches (0ms)
		SetupLoadedEditorAssemblies (251ms)
			LogAssemblyErrors (0ms)
			InitializePlatformSupportModulesInManaged (26ms)
			SetLoadedEditorAssemblies (3ms)
			BeforeProcessingInitializeOnLoad (4ms)
			ProcessInitializeOnLoadAttributes (150ms)
			ProcessInitializeOnLoadMethodAttributes (67ms)
			AfterProcessingInitializeOnLoad (2ms)
			EditorAssembliesLoaded (0ms)
		ExecutionOrderSort2 (0ms)
		AwakeInstancesAfterBackupRestoration (0ms)
========================================================================
Worker process is ready to serve import requests
Import Worker Mode flag is 0x00
Begin MonoManager ReloadAssembly
mono_os_mutex_lock: pthread_mutex_lock failed with "Invalid argument" (22)
Obtained 67 stack frames.
#0  0x0000018c6a2600 in __pthread_kill
#1  0x0000018c5e7908 in abort
#2  0x0000016a8993e8 in monoeg_g_printv
#3  0x0000016a87eaa4 in mono_log_write_logfile
#4  0x0000016a899600 in monoeg_g_logv_nofree
#5  0x0000016a899650 in monoeg_g_log
#6  0x0000016a7e03e8 in mono_image_lock
#7  0x0000016a7e35d4 in mono_get_method_checked
#8  0x0000016a85bed8 in mono_custom_attrs_from_index_checked
#9  0x0000016a85c15c in mono_custom_attrs_from_class
#10 0x0000010172535c in AttributeScanner::Next()
#11 0x000001017e85b4 in SerializableManagedRef::AssertKlassMeetsRequirements()
#12 0x000001016bbcac in ManagedMonoBehaviourRef::SetScriptCache(std::__1::shared_ptr<MonoScriptCache>&)
#13 0x000001017e9840 in SerializableManagedRef::SetupScriptingCache(Object*, ScriptingClassPtr, MonoScript*)
#14 0x000001017e9bf4 in SerializableManagedRef::RebuildMonoInstance(Object*, ScriptingClassPtr, ScriptingObjectPtr, MonoScript*)
#15 0x00000101800b88 in PersistentManager::ProduceObject(SerializedFile&, SerializedObjectIdentifier, int, ObjectCreationMode, PersistentManager::LockFlags)
#16 0x000001018006f0 in PersistentManager::CreateThreadActivationQueueEntry(SerializedFile&, SerializedObjectIdentifier, int, bool, PersistentManager::LockFlags)
#17 0x00000101800f7c in PersistentManager::ReadAndActivateObjectThreaded(int, SerializedObjectIdentifier const&, SerializedFile*, bool, bool, PersistentManager::LockFlags)
#18 0x00000101800248 in PersistentManager::ReadObjectThreaded(int, PersistentManager::LockFlags)
#19 0x000001017fde24 in PersistentManager::ReadObject(int, AwakeFromLoadMode)
#20 0x00000100bd8e0c in PPtr<MonoBehaviour>::operator MonoBehaviour*() const
#21 0x00000100d82f20 in EditorUserBuildSettings_CUSTOM_GetActiveBuildProfile()
#22 0x000003153b0388 in  (wrapper managed-to-native) UnityEditor.EditorUserBuildSettings:GetActiveBuildProfile_Injected () [{0x3181f3d90} + 0x58]  (0x3153b0330 0x3153b03ec) [0x12c342a80 - Unity Child Domain]
#23 0x000003153b0080 in  UnityEditor.EditorUserBuildSettings:GetActiveBuildProfile () [{0x12d4a72d8} + 0x18]  (0x3153b0068 0x3153b01b0) [0x12c342a80 - Unity Child Domain]
#24 0x000003153affd0 in  UnityEditor.EditorUserBuildSettings:get_activeBuildProfile () [{0x12d4a7288} + 0x10] [/Users/bokken/build/output/unity/unity/Editor/Mono/EditorUserBuildSettings.bindings.cs :: 1154u] (0x3153affc0 0x3153b0014) [0x12c342a80 - Unity Child Domain]
#25 0x000003153afce0 in  UnityEditor.Build.BuildDefines:GetBuildProfileScriptDefines () [{0x12d4ebc50} + 0x10] [/Users/bokken/build/output/unity/unity/Modules/BuildPipeline/Editor/Managed/BuildDefines.cs :: 31u] (0x3153afcd0 0x3153afd28) [0x12c342a80 - Unity Child Domain]
#26 0x000003153afed0 in  (wrapper runtime-invoke) <Module>:runtime_invoke_object (object,intptr,intptr,intptr) [{0x3181f40a0} + 0x68]  (0x3153afe68 0x3153aff6c) [0x12c342a80 - Unity Child Domain]
#27 0x0000016a68f74c in mono_jit_runtime_invoke
#28 0x0000016a814d00 in do_runtime_invoke
#29 0x0000016a814c40 in mono_runtime_invoke
#30 0x0000010174af58 in scripting_method_invoke(ScriptingMethodPtr, ScriptingObjectPtr, ScriptingArguments&, ScriptingExceptionPtr*, bool)
#31 0x00000101721bcc in ScriptingInvocation::Invoke(ScriptingExceptionPtr*, bool)
#32 0x00000101721ca0 in ScriptingArrayPtr ScriptingInvocation::Invoke<ScriptingArrayPtr>(ScriptingExceptionPtr*, bool)
#33 0x0000010187a858 in Scripting::UnityEditor::Build::BuildDefinesProxy::GetBuildProfileScriptDefines(ScriptingExceptionPtr*)
#34 0x00000102673dd8 in invokeEditorBuildProfileScriptCompilationDefines(BuildTargetPlatform, int, core::vector<core::basic_string<char, core::StringStorageDefault<char>>, core::allocator<core::basic_string<char, core::StringStorageDefault<char>>, 0ul>>&)
#35 0x000001026738bc in GetScriptCompilationDefines(EditorScriptCompilationOptions, BuildTargetPlatform, int, CompatibilityLevel, core::vector<core::basic_string<char, core::StringStorageDefault<char>>, core::allocator<core::basic_string<char, core::StringStorageDefault<char>>, 0ul>> const&, core::vector<core::basic_string<char, core::StringStorageDefault<char>>, core::allocator<core::basic_string<char, core::StringStorageDefault<char>>, 0ul>>&)
#36 0x00000102673d2c in GetScriptCompilationDefines(EditorScriptCompilationOptions, BuildTargetPlatform, int, core::vector<core::basic_string<char, core::StringStorageDefault<char>>, core::allocator<core::basic_string<char, core::StringStorageDefault<char>>, 0ul>> const&, core::vector<core::basic_string<char, core::StringStorageDefault<char>>, core::allocator<core::basic_string<char, core::StringStorageDefault<char>>, 0ul>>&)
#37 0x000001023716ac in EditorUserBuildSettings::GetActiveScriptCompilationDefinesFromCompilationOptions(EditorScriptCompilationOptions, core::vector<core::basic_string<char, core::StringStorageDefault<char>>, core::allocator<core::basic_string<char, core::StringStorageDefault<char>>, 0ul>> const&, core::vector<core::basic_string<char, core::StringStorageDefault<char>>, core::allocator<core::basic_string<char, core::StringStorageDefault<char>>, 0ul>>&)
#38 0x00000102a00a4c in IsPluginCompatible(core::basic_string<char, core::StringStorageDefault<char>>&, BuildTargetPlatform, EditorScriptCompilationOptions, core::vector<core::basic_string<char, core::StringStorageDefault<char>>, core::allocator<core::basic_string<char, core::StringStorageDefault<char>>, 0ul>> const&, IgnoredAssemblies&, PluginImporter*)
#39 0x00000102a0022c in IsAssemblyCompatible(TargetAssemblyInfo const&, core::basic_string<char, core::StringStorageDefault<char>>&, BuildTargetPlatform, core::vector<core::basic_string<char, core::StringStorageDefault<char>>, core::allocator<core::basic_string<char, core::StringStorageDefault<char>>, 0ul>> const&, EditorScriptCompilationOptions, IgnoredAssemblies&)
#40 0x00000102a01850 in FilterIncompatibleAndDuplicateAssemblies(core::vector<TargetAssemblyInfo, core::allocator<TargetAssemblyInfo, 0ul>> const&, BuildTargetPlatform, core::vector<core::basic_string<char, core::StringStorageDefault<char>>, core::allocator<core::basic_string<char, core::StringStorageDefault<char>>, 0ul>> const&, EditorScriptCompilationOptions, IgnoredAssemblies&)
#41 0x00000102a02050 in CompatibleTargetAssemblies(EditorScriptCompilationOptions, core::vector<TargetAssemblyInfo, core::allocator<TargetAssemblyInfo, 0ul>> const&)
#42 0x00000102a12da0 in UpdateTargetAssembliesInMonoManager()
#43 0x00000100bce1a4 in CallbackArray::Invoke()
#44 0x000001016ef618 in ProfilerCallbackInvoke<CallbackArray, &GlobalCallbacks::initialDomainReloadingComplete>::Invoke(char const*)
#45 0x000001016eea24 in MonoManager::ReloadAssembly(AssemblyLoadReason)
#46 0x00000102a16244 in LoadDomainAndUserAssemblies(AssemblyLoadReason)
#47 0x00000102c28b28 in AssetImportWorkerClient::ReloadScriptingDomain()
#48 0x00000102c43a78 in invocation function for block in AssetImportWorkerClient::HandleMessage(InitializeMessage const&)::$_11::operator()() const
#49 0x0000018c528658 in _dispatch_client_callout
#50 0x0000018c537db0 in _dispatch_async_and_wait_invoke
#51 0x0000018c528658 in _dispatch_client_callout
#52 0x0000018c536f68 in _dispatch_main_queue_drain
#53 0x0000018c536b84 in _dispatch_main_queue_callback_4CF
#54 0x0000018c800e60 in __CFRUNLOOP_IS_SERVICING_THE_MAIN_DISPATCH_QUEUE__
#55 0x0000018c7c0a4c in __CFRunLoopRun
#56 0x0000018c7bfbc4 in CFRunLoopRunSpecific
#57 0x00000197c2ff64 in RunCurrentEventLoopInMode
#58 0x00000197c35bb4 in ReceiveNextEventCommon
#59 0x00000197c35eb8 in _BlockUntilNextEventMatchingListInModeWithFilter
#60 0x000001902eba08 in _DPSNextEvent
#61 0x00000190c2be0c in -[NSApplication(NSEventRouting) _nextEventMatchingEventMask:untilDate:inMode:dequeue:]
#62 0x000001902deae0 in -[NSApplication run]
#63 0x000001902b5364 in NSApplicationMain
#64 0x000001037f9888 in EditorMain(int, char const**)
#65 0x000001037f9be4 in main
#66 0x0000018c358274 in start
