Unity Editor version:    6000.0.21f1 (e2bacb8dee3a)
Branch:                  trunk
Build type:              Release
Batch mode:              YES
macOS version:           Version 15.1 (Build 24B83)
Darwin version:          24.1.0
Architecture:            arm64
Running under Rosetta:   NO
Available memory:        36864 MB
Using pre-set license
Pro License: YES

COMMAND LINE ARGUMENTS:
/Applications/Unity/Hub/Editor/6000.0.21f1/Unity.app/Contents/MacOS/Unity
-adb2
-batchMode
-noUpm
-name
AssetImportWorker4
-projectPath
/Users/brettgill/Documents/unity-projects/unity-endless-runner
-logFile
Logs/AssetImportWorker4.log
-srvPort
51406
-job-worker-count
5
-background-job-worker-count
8
-asset-garbage-collectors
1
Successfully changed project path to: /Users/brettgill/Documents/unity-projects/unity-endless-runner
/Users/brettgill/Documents/unity-projects/unity-endless-runner
[UnityMemory] Configuration Parameters - Can be set up in boot.config
    "memorysetup-bucket-allocator-granularity=16"
    "memorysetup-bucket-allocator-bucket-count=8"
    "memorysetup-bucket-allocator-block-size=33554432"
    "memorysetup-bucket-allocator-block-count=8"
    "memorysetup-main-allocator-block-size=16777216"
    "memorysetup-thread-allocator-block-size=16777216"
    "memorysetup-gfx-main-allocator-block-size=16777216"
    "memorysetup-gfx-thread-allocator-block-size=16777216"
    "memorysetup-cache-allocator-block-size=4194304"
    "memorysetup-typetree-allocator-block-size=2097152"
    "memorysetup-profiler-bucket-allocator-granularity=16"
    "memorysetup-profiler-bucket-allocator-bucket-count=8"
    "memorysetup-profiler-bucket-allocator-block-size=33554432"
    "memorysetup-profiler-bucket-allocator-block-count=8"
    "memorysetup-profiler-allocator-block-size=16777216"
    "memorysetup-profiler-editor-allocator-block-size=1048576"
    "memorysetup-temp-allocator-size-main=16777216"
    "memorysetup-job-temp-allocator-block-size=2097152"
    "memorysetup-job-temp-allocator-block-size-background=1048576"
    "memorysetup-job-temp-allocator-reduction-small-platforms=262144"
    "memorysetup-allocator-temp-initial-block-size-main=262144"
    "memorysetup-allocator-temp-initial-block-size-worker=262144"
    "memorysetup-temp-allocator-size-background-worker=32768"
    "memorysetup-temp-allocator-size-job-worker=262144"
    "memorysetup-temp-allocator-size-preload-manager=33554432"
    "memorysetup-temp-allocator-size-nav-mesh-worker=65536"
    "memorysetup-temp-allocator-size-audio-worker=65536"
    "memorysetup-temp-allocator-size-cloud-worker=32768"
    "memorysetup-temp-allocator-size-gi-baking-worker=262144"
    "memorysetup-temp-allocator-size-gi-baking-worker=262144"
    "memorysetup-temp-allocator-size-gi-baking-worker=262144"
    "memorysetup-temp-allocator-size-gi-baking-worker=262144"
    "memorysetup-temp-allocator-size-gi-baking-worker=262144"
    "memorysetup-temp-allocator-size-gfx=262144"
Player connection [8346597440]  Target information:

Player connection [8346597440]  * "[IP] 192.168.1.85 [Port] 0 [Flags] 2 [Guid] 3400518866 [EditorId] 3400518866 [Version] 1048832 [Id] OSXEditor(0,The-Lab.local) [Debug] 1 [PackageName] OSXEditor [ProjectName] Editor" 

Player connection [8346597440] Host joined multi-casting on [225.0.0.222:54997]...
Player connection [8346597440] Host joined alternative multi-casting on [225.0.0.222:34997]...
JobSystem: Creating JobQueue using job-worker-count value 5
[Physics::Module] Initialized fallback backend.
[Physics::Module] Id: 0xdecafbad
Library Redirect Path: Library/
[Physics::Module] Selected backend.
[Physics::Module] Name: PhysX
[Physics::Module] Id: 0xf2b8ea05
[Physics::Module] SDK Version: 4.1.2
[Physics::Module] Integration Version: 1.0.0
[Physics::Module] Threading Mode: Multi-Threaded
Refreshing native plugins compatible for Editor in 0.79 ms, found 3 plugins.
Preloading 0 native plugins for Editor in 0.00 ms.
Initialize engine version: 6000.0.21f1 (e2bacb8dee3a)
[Subsystems] Discovering subsystems at path /Applications/Unity/Hub/Editor/6000.0.21f1/Unity.app/Contents/Resources/UnitySubsystems
[Subsystems] Discovering subsystems at path /Users/brettgill/Documents/unity-projects/unity-endless-runner/Assets
GfxDevice: creating device client; kGfxThreadingModeNonThreaded
 preferred device: Apple M3 Pro (high power)
Metal devices available: 1
0: Apple M3 Pro (high power)
Using device Apple M3 Pro (high power)
Initializing Metal device caps: Apple M3 Pro
Initialize mono
Mono path[0] = '/Applications/Unity/Hub/Editor/6000.0.21f1/Unity.app/Contents/Managed'
Mono path[1] = '/Applications/Unity/Hub/Editor/6000.0.21f1/Unity.app/Contents/MonoBleedingEdge/lib/mono/unityjit-macos'
Mono config path = '/Applications/Unity/Hub/Editor/6000.0.21f1/Unity.app/Contents/MonoBleedingEdge/etc'
Using monoOptions --debugger-agent=transport=dt_socket,embedding=1,server=y,suspend=n,address=127.0.0.1:56598
Begin MonoManager ReloadAssembly
Registering precompiled unity dll's ...
Register platform support module: /Applications/Unity/Hub/Editor/6000.0.21f1/PlaybackEngines/WebGLSupport/UnityEditor.WebGL.Extensions.dll
Register platform support module: /Applications/Unity/Hub/Editor/6000.0.21f1/Unity.app/Contents/PlaybackEngines/MacStandaloneSupport/UnityEditor.OSXStandalone.Extensions.dll
Registered in 0.000662 seconds.
- Loaded All Assemblies, in  0.211 seconds
Native extension for OSXStandalone target not found
Native extension for WebGL target not found
Mono: successfully reloaded assembly
- Finished resetting the current domain, in  0.281 seconds
Domain Reload Profiling: 491ms
	BeginReloadAssembly (47ms)
		ExecutionOrderSort (0ms)
		DisableScriptedObjects (0ms)
		BackupInstance (0ms)
		ReleaseScriptingObjects (0ms)
		CreateAndSetChildDomain (0ms)
	RebuildCommonClasses (27ms)
	RebuildNativeTypeToScriptingClass (9ms)
	initialDomainReloadingComplete (26ms)
	LoadAllAssembliesAndSetupDomain (102ms)
		LoadAssemblies (47ms)
		RebuildTransferFunctionScriptingTraits (0ms)
		AnalyzeDomain (101ms)
			TypeCache.Refresh (100ms)
				TypeCache.ScanAssembly (91ms)
			BuildScriptInfoCaches (0ms)
			ResolveRequiredComponents (0ms)
	FinalizeReload (281ms)
		ReleaseScriptCaches (0ms)
		RebuildScriptCaches (0ms)
		SetupLoadedEditorAssemblies (254ms)
			LogAssemblyErrors (0ms)
			InitializePlatformSupportModulesInManaged (26ms)
			SetLoadedEditorAssemblies (3ms)
			BeforeProcessingInitializeOnLoad (3ms)
			ProcessInitializeOnLoadAttributes (152ms)
			ProcessInitializeOnLoadMethodAttributes (69ms)
			AfterProcessingInitializeOnLoad (1ms)
			EditorAssembliesLoaded (0ms)
		ExecutionOrderSort2 (0ms)
		AwakeInstancesAfterBackupRestoration (0ms)
========================================================================
Worker process is ready to serve import requests
Import Worker Mode flag is 0x00
Begin MonoManager ReloadAssembly

=================================================================
	Native Crash Reporting
=================================================================
Got a segv while executing native code. This usually indicates
a fatal error in the mono runtime or one of the native libraries 
used by your application.
=================================================================

=================================================================
	Native stacktrace:
=================================================================
	0x317d819b4 - /Applications/Unity/Hub/Editor/6000.0.21f1/Unity.app/Contents/Frameworks/MonoBleedingEdge/MonoEmbedRuntime/osx/libmonobdwgc-2.0.dylib : mono_dump_native_crash_info
	0x317d43c34 - /Applications/Unity/Hub/Editor/6000.0.21f1/Unity.app/Contents/Frameworks/MonoBleedingEdge/MonoEmbedRuntime/osx/libmonobdwgc-2.0.dylib : mono_handle_native_crash
	0x317ccc478 - /Applications/Unity/Hub/Editor/6000.0.21f1/Unity.app/Contents/Frameworks/MonoBleedingEdge/MonoEmbedRuntime/osx/libmonobdwgc-2.0.dylib : mono_sigsegv_signal_handler_debug
	0x18c710184 - /usr/lib/system/libsystem_platform.dylib : _sigtramp
	0x1031609e4 - /Applications/Unity/Hub/Editor/6000.0.21f1/Unity.app/Contents/MacOS/Unity : _ZN16AttributeScannerC2E17ScriptingClassPtrRK21AttributeScannerQuery10MemLabelId
	0x1032245ac - /Applications/Unity/Hub/Editor/6000.0.21f1/Unity.app/Contents/MacOS/Unity : _ZN22SerializableManagedRef28AssertKlassMeetsRequirementsEv
	0x1030f7cac - /Applications/Unity/Hub/Editor/6000.0.21f1/Unity.app/Contents/MacOS/Unity : _ZN23ManagedMonoBehaviourRef14SetScriptCacheERNSt3__110shared_ptrI15MonoScriptCacheEE
	0x103225840 - /Applications/Unity/Hub/Editor/6000.0.21f1/Unity.app/Contents/MacOS/Unity : _ZN22SerializableManagedRef19SetupScriptingCacheEP6Object17ScriptingClassPtrP10MonoScript
	0x103225bf4 - /Applications/Unity/Hub/Editor/6000.0.21f1/Unity.app/Contents/MacOS/Unity : _ZN22SerializableManagedRef19RebuildMonoInstanceEP6Object17ScriptingClassPtr18ScriptingObjectPtrP10MonoScript
	0x10323cb88 - /Applications/Unity/Hub/Editor/6000.0.21f1/Unity.app/Contents/MacOS/Unity : _ZN17PersistentManager13ProduceObjectER14SerializedFile26SerializedObjectIdentifieri18ObjectCreationModeNS_9LockFlagsE
	0x10323c6f0 - /Applications/Unity/Hub/Editor/6000.0.21f1/Unity.app/Contents/MacOS/Unity : _ZN17PersistentManager32CreateThreadActivationQueueEntryER14SerializedFile26SerializedObjectIdentifieribNS_9LockFlagsE
	0x10323cf7c - /Applications/Unity/Hub/Editor/6000.0.21f1/Unity.app/Contents/MacOS/Unity : _ZN17PersistentManager29ReadAndActivateObjectThreadedEiRK26SerializedObjectIdentifierP14SerializedFilebbNS_9LockFlagsE
	0x10323c248 - /Applications/Unity/Hub/Editor/6000.0.21f1/Unity.app/Contents/MacOS/Unity : _ZN17PersistentManager18ReadObjectThreadedEiNS_9LockFlagsE
	0x103239e24 - /Applications/Unity/Hub/Editor/6000.0.21f1/Unity.app/Contents/MacOS/Unity : _ZN17PersistentManager10ReadObjectEi17AwakeFromLoadMode
	0x102614e0c - /Applications/Unity/Hub/Editor/6000.0.21f1/Unity.app/Contents/MacOS/Unity : _ZNK4PPtrI13MonoBehaviourEcvPS0_Ev
	0x1027bef20 - /Applications/Unity/Hub/Editor/6000.0.21f1/Unity.app/Contents/MacOS/Unity : _Z52EditorUserBuildSettings_CUSTOM_GetActiveBuildProfilev
	0x31e630388 - Unknown
	0x31e630080 - Unknown
	0x31e62ffd0 - Unknown
	0x31e62fce0 - Unknown
	0x31e62fed0 - Unknown
	0x317ccf74c - /Applications/Unity/Hub/Editor/6000.0.21f1/Unity.app/Contents/Frameworks/MonoBleedingEdge/MonoEmbedRuntime/osx/libmonobdwgc-2.0.dylib : mono_jit_runtime_invoke
	0x317e54d00 - /Applications/Unity/Hub/Editor/6000.0.21f1/Unity.app/Contents/Frameworks/MonoBleedingEdge/MonoEmbedRuntime/osx/libmonobdwgc-2.0.dylib : do_runtime_invoke
	0x317e54c40 - /Applications/Unity/Hub/Editor/6000.0.21f1/Unity.app/Contents/Frameworks/MonoBleedingEdge/MonoEmbedRuntime/osx/libmonobdwgc-2.0.dylib : mono_runtime_invoke
	0x103186f58 - /Applications/Unity/Hub/Editor/6000.0.21f1/Unity.app/Contents/MacOS/Unity : _Z23scripting_method_invoke18ScriptingMethodPtr18ScriptingObjectPtrR18ScriptingArgumentsP21ScriptingExceptionPtrb
	0x10315dbcc - /Applications/Unity/Hub/Editor/6000.0.21f1/Unity.app/Contents/MacOS/Unity : _ZN19ScriptingInvocation6InvokeEP21ScriptingExceptionPtrb
	0x10315dca0 - /Applications/Unity/Hub/Editor/6000.0.21f1/Unity.app/Contents/MacOS/Unity : _ZN19ScriptingInvocation6InvokeI17ScriptingArrayPtrEET_P21ScriptingExceptionPtrb
	0x1032b6858 - /Applications/Unity/Hub/Editor/6000.0.21f1/Unity.app/Contents/MacOS/Unity : _ZN9Scripting11UnityEditor5Build17BuildDefinesProxy28GetBuildProfileScriptDefinesEP21ScriptingExceptionPtr
	0x1040afdd8 - /Applications/Unity/Hub/Editor/6000.0.21f1/Unity.app/Contents/MacOS/Unity : _Z48invokeEditorBuildProfileScriptCompilationDefines19BuildTargetPlatformiRN4core6vectorINS0_12basic_stringIcNS0_20StringStorageDefaultIcEEEENS0_9allocatorIS5_Lm0EEEEE
	0x1040af8bc - /Applications/Unity/Hub/Editor/6000.0.21f1/Unity.app/Contents/MacOS/Unity : _Z27GetScriptCompilationDefines30EditorScriptCompilationOptions19BuildTargetPlatformi18CompatibilityLevelRKN4core6vectorINS2_12basic_stringIcNS2_20StringStorageDefaultIcEEEENS2_9allocatorIS7_Lm0EEEEERSA_
	0x1040afd2c - /Applications/Unity/Hub/Editor/6000.0.21f1/Unity.app/Contents/MacOS/Unity : _Z27GetScriptCompilationDefines30EditorScriptCompilationOptions19BuildTargetPlatformiRKN4core6vectorINS1_12basic_stringIcNS1_20StringStorageDefaultIcEEEENS1_9allocatorIS6_Lm0EEEEERS9_
	0x103dad6ac - /Applications/Unity/Hub/Editor/6000.0.21f1/Unity.app/Contents/MacOS/Unity : _ZN23EditorUserBuildSettings55GetActiveScriptCompilationDefinesFromCompilationOptionsE30EditorScriptCompilationOptionsRKN4core6vectorINS1_12basic_stringIcNS1_20StringStorageDefaultIcEEEENS1_9allocatorIS6_Lm0EEEEERS9_
	0x10443ca4c - /Applications/Unity/Hub/Editor/6000.0.21f1/Unity.app/Contents/MacOS/Unity : _ZL18IsPluginCompatibleRN4core12basic_stringIcNS_20StringStorageDefaultIcEEEE19BuildTargetPlatform30EditorScriptCompilationOptionsRKNS_6vectorIS3_NS_9allocatorIS3_Lm0EEEEER17IgnoredAssembliesP14PluginImporter
	0x10443c22c - /Applications/Unity/Hub/Editor/6000.0.21f1/Unity.app/Contents/MacOS/Unity : _Z20IsAssemblyCompatibleRK18TargetAssemblyInfoRN4core12basic_stringIcNS2_20StringStorageDefaultIcEEEE19BuildTargetPlatformRKNS2_6vectorIS6_NS2_9allocatorIS6_Lm0EEEEE30EditorScriptCompilationOptionsR17IgnoredAssemblies
	0x10443d850 - /Applications/Unity/Hub/Editor/6000.0.21f1/Unity.app/Contents/MacOS/Unity : _Z40FilterIncompatibleAndDuplicateAssembliesRKN4core6vectorI18TargetAssemblyInfoNS_9allocatorIS1_Lm0EEEEE19BuildTargetPlatformRKNS0_INS_12basic_stringIcNS_20StringStorageDefaultIcEEEENS2_ISB_Lm0EEEEE30EditorScriptCompilationOptionsR17IgnoredAssemblies
	0x10443e050 - /Applications/Unity/Hub/Editor/6000.0.21f1/Unity.app/Contents/MacOS/Unity : _Z26CompatibleTargetAssemblies30EditorScriptCompilationOptionsRKN4core6vectorI18TargetAssemblyInfoNS0_9allocatorIS2_Lm0EEEEE
	0x10444eda0 - /Applications/Unity/Hub/Editor/6000.0.21f1/Unity.app/Contents/MacOS/Unity : _Z35UpdateTargetAssembliesInMonoManagerv
	0x10260a1a4 - /Applications/Unity/Hub/Editor/6000.0.21f1/Unity.app/Contents/MacOS/Unity : _ZN13CallbackArray6InvokeEv
	0x10312b618 - /Applications/Unity/Hub/Editor/6000.0.21f1/Unity.app/Contents/MacOS/Unity : _ZN22ProfilerCallbackInvokeI13CallbackArrayXadL_ZN15GlobalCallbacks30initialDomainReloadingCompleteEEEE6InvokeEPKc
	0x10312aa24 - /Applications/Unity/Hub/Editor/6000.0.21f1/Unity.app/Contents/MacOS/Unity : _ZN11MonoManager14ReloadAssemblyE18AssemblyLoadReason
	0x104452244 - /Applications/Unity/Hub/Editor/6000.0.21f1/Unity.app/Contents/MacOS/Unity : _ZL27LoadDomainAndUserAssemblies18AssemblyLoadReason
	0x104664b28 - /Applications/Unity/Hub/Editor/6000.0.21f1/Unity.app/Contents/MacOS/Unity : _ZN23AssetImportWorkerClient21ReloadScriptingDomainEv
	0x10467fa78 - /Applications/Unity/Hub/Editor/6000.0.21f1/Unity.app/Contents/MacOS/Unity : ___ZZN23AssetImportWorkerClient13HandleMessageERK17InitializeMessageENK4$_11clEv_block_invoke
	0x18c528658 - /usr/lib/system/libdispatch.dylib : _dispatch_client_callout
	0x18c537db0 - /usr/lib/system/libdispatch.dylib : _dispatch_async_and_wait_invoke
	0x18c528658 - /usr/lib/system/libdispatch.dylib : _dispatch_client_callout
	0x18c536f68 - /usr/lib/system/libdispatch.dylib : _dispatch_main_queue_drain
	0x18c536b84 - /usr/lib/system/libdispatch.dylib : _dispatch_main_queue_callback_4CF
	0x18c800e60 - /System/Library/Frameworks/CoreFoundation.framework/Versions/A/CoreFoundation : __CFRUNLOOP_IS_SERVICING_THE_MAIN_DISPATCH_QUEUE__
	0x18c7c0a4c - /System/Library/Frameworks/CoreFoundation.framework/Versions/A/CoreFoundation : __CFRunLoopRun
	0x18c7bfbc4 - /System/Library/Frameworks/CoreFoundation.framework/Versions/A/CoreFoundation : CFRunLoopRunSpecific
	0x197c2ff64 - /System/Library/Frameworks/Carbon.framework/Versions/A/Frameworks/HIToolbox.framework/Versions/A/HIToolbox : RunCurrentEventLoopInMode
	0x197c35d54 - /System/Library/Frameworks/Carbon.framework/Versions/A/Frameworks/HIToolbox.framework/Versions/A/HIToolbox : ReceiveNextEventCommon
	0x197c35eb8 - /System/Library/Frameworks/Carbon.framework/Versions/A/Frameworks/HIToolbox.framework/Versions/A/HIToolbox : _BlockUntilNextEventMatchingListInModeWithFilter
	0x1902eba08 - /System/Library/Frameworks/AppKit.framework/Versions/C/AppKit : _DPSNextEvent
	0x190c2be0c - /System/Library/Frameworks/AppKit.framework/Versions/C/AppKit : -[NSApplication(NSEventRouting) _nextEventMatchingEventMask:untilDate:inMode:dequeue:]
	0x1902deae0 - /System/Library/Frameworks/AppKit.framework/Versions/C/AppKit : -[NSApplication run]
	0x1902b5364 - /System/Library/Frameworks/AppKit.framework/Versions/C/AppKit : NSApplicationMain
	0x105235888 - /Applications/Unity/Hub/Editor/6000.0.21f1/Unity.app/Contents/MacOS/Unity : _Z10EditorMainiPPKc
	0x105235be4 - /Applications/Unity/Hub/Editor/6000.0.21f1/Unity.app/Contents/MacOS/Unity : main
	0x18c358274 - /usr/lib/dyld : start

=================================================================
	Telemetry Dumper:
=================================================================
Pkilling 0x6407499776x from 0x8346597440x
Pkilling 0x13295366144x from 0x8346597440x
Pkilling 0x6406352896x from 0x8346597440x
Pkilling 0x6406926336x from 0x8346597440x
Pkilling 0x13293219840x from 0x8346597440x
Entering thread summarizer pause from 0x8346597440x
Finished thread summarizer pause from 0x8346597440x.
Failed to create breadcrumb file (null)/crash_hash_0x76e3adcd6
debugger-agent: Unable to listen on 40

Waiting for dumping threads to resume

=================================================================
	External Debugger Dump:
=================================================================

=================================================================
	Basic Fault Address Reporting
=================================================================
Memory around native instruction pointer (0x317e20614):0x317e20604  69 00 00 54 00 00 80 52 c0 03 5f d6 08 50 21 8b  i..T...R.._..P!.
0x317e20614  08 f9 40 b9 00 5d 00 12 c0 03 5f d6 08 08 40 b9  ..@..]...._...@.
0x317e20624  00 5d 00 12 c0 03 5f d6 00 60 42 f9 c0 03 5f d6  .]...._..`B..._.
0x317e20634  08 38 40 79 00 01 00 12 c0 03 5f d6 08 30 40 f9  .8@y......_..0@.

=================================================================
	Managed Stacktrace:
=================================================================
	  at <unknown> <0xffffffff>
	  at UnityEditor.EditorUserBuildSettings:GetActiveBuildProfile_Injected <0x00007>
	  at UnityEditor.EditorUserBuildSettings:GetActiveBuildProfile <0x00017>
	  at UnityEditor.EditorUserBuildSettings:get_activeBuildProfile <0x0000f>
	  at UnityEditor.Build.BuildDefines:GetBuildProfileScriptDefines <0x0000f>
	  at <Module>:runtime_invoke_object <0x00067>
=================================================================
Obtained 57 stack frames.
#0  0x00000317e20614 in mono_image_get_table_rows
#1  0x000001032245ac in SerializableManagedRef::AssertKlassMeetsRequirements()
#2  0x000001030f7cac in ManagedMonoBehaviourRef::SetScriptCache(std::__1::shared_ptr<MonoScriptCache>&)
#3  0x00000103225840 in SerializableManagedRef::SetupScriptingCache(Object*, ScriptingClassPtr, MonoScript*)
#4  0x00000103225bf4 in SerializableManagedRef::RebuildMonoInstance(Object*, ScriptingClassPtr, ScriptingObjectPtr, MonoScript*)
#5  0x0000010323cb88 in PersistentManager::ProduceObject(SerializedFile&, SerializedObjectIdentifier, int, ObjectCreationMode, PersistentManager::LockFlags)
#6  0x0000010323c6f0 in PersistentManager::CreateThreadActivationQueueEntry(SerializedFile&, SerializedObjectIdentifier, int, bool, PersistentManager::LockFlags)
#7  0x0000010323cf7c in PersistentManager::ReadAndActivateObjectThreaded(int, SerializedObjectIdentifier const&, SerializedFile*, bool, bool, PersistentManager::LockFlags)
#8  0x0000010323c248 in PersistentManager::ReadObjectThreaded(int, PersistentManager::LockFlags)
#9  0x00000103239e24 in PersistentManager::ReadObject(int, AwakeFromLoadMode)
#10 0x00000102614e0c in PPtr<MonoBehaviour>::operator MonoBehaviour*() const
#11 0x000001027bef20 in EditorUserBuildSettings_CUSTOM_GetActiveBuildProfile()
#12 0x0000031e630388 in  (wrapper managed-to-native) UnityEditor.EditorUserBuildSettings:GetActiveBuildProfile_Injected () [{0x11bd84390} + 0x58]  (0x31e630330 0x31e6303ec) [0x168fc2a80 - Unity Child Domain]
#13 0x0000031e630080 in  UnityEditor.EditorUserBuildSettings:GetActiveBuildProfile () [{0x12a4526d8} + 0x18]  (0x31e630068 0x31e6301b0) [0x168fc2a80 - Unity Child Domain]
#14 0x0000031e62ffd0 in  UnityEditor.EditorUserBuildSettings:get_activeBuildProfile () [{0x12a452688} + 0x10] [/Users/bokken/build/output/unity/unity/Editor/Mono/EditorUserBuildSettings.bindings.cs :: 1154u] (0x31e62ffc0 0x31e630014) [0x168fc2a80 - Unity Child Domain]
#15 0x0000031e62fce0 in  UnityEditor.Build.BuildDefines:GetBuildProfileScriptDefines () [{0x12a3eea50} + 0x10] [/Users/bokken/build/output/unity/unity/Modules/BuildPipeline/Editor/Managed/BuildDefines.cs :: 31u] (0x31e62fcd0 0x31e62fd28) [0x168fc2a80 - Unity Child Domain]
#16 0x0000031e62fed0 in  (wrapper runtime-invoke) <Module>:runtime_invoke_object (object,intptr,intptr,intptr) [{0x11bd846a0} + 0x68]  (0x31e62fe68 0x31e62ff6c) [0x168fc2a80 - Unity Child Domain]
#17 0x00000317ccf74c in mono_jit_runtime_invoke
#18 0x00000317e54d00 in do_runtime_invoke
#19 0x00000317e54c40 in mono_runtime_invoke
#20 0x00000103186f58 in scripting_method_invoke(ScriptingMethodPtr, ScriptingObjectPtr, ScriptingArguments&, ScriptingExceptionPtr*, bool)
#21 0x0000010315dbcc in ScriptingInvocation::Invoke(ScriptingExceptionPtr*, bool)
#22 0x0000010315dca0 in ScriptingArrayPtr ScriptingInvocation::Invoke<ScriptingArrayPtr>(ScriptingExceptionPtr*, bool)
#23 0x000001032b6858 in Scripting::UnityEditor::Build::BuildDefinesProxy::GetBuildProfileScriptDefines(ScriptingExceptionPtr*)
#24 0x000001040afdd8 in invokeEditorBuildProfileScriptCompilationDefines(BuildTargetPlatform, int, core::vector<core::basic_string<char, core::StringStorageDefault<char>>, core::allocator<core::basic_string<char, core::StringStorageDefault<char>>, 0ul>>&)
#25 0x000001040af8bc in GetScriptCompilationDefines(EditorScriptCompilationOptions, BuildTargetPlatform, int, CompatibilityLevel, core::vector<core::basic_string<char, core::StringStorageDefault<char>>, core::allocator<core::basic_string<char, core::StringStorageDefault<char>>, 0ul>> const&, core::vector<core::basic_string<char, core::StringStorageDefault<char>>, core::allocator<core::basic_string<char, core::StringStorageDefault<char>>, 0ul>>&)
#26 0x000001040afd2c in GetScriptCompilationDefines(EditorScriptCompilationOptions, BuildTargetPlatform, int, core::vector<core::basic_string<char, core::StringStorageDefault<char>>, core::allocator<core::basic_string<char, core::StringStorageDefault<char>>, 0ul>> const&, core::vector<core::basic_string<char, core::StringStorageDefault<char>>, core::allocator<core::basic_string<char, core::StringStorageDefault<char>>, 0ul>>&)
#27 0x00000103dad6ac in EditorUserBuildSettings::GetActiveScriptCompilationDefinesFromCompilationOptions(EditorScriptCompilationOptions, core::vector<core::basic_string<char, core::StringStorageDefault<char>>, core::allocator<core::basic_string<char, core::StringStorageDefault<char>>, 0ul>> const&, core::vector<core::basic_string<char, core::StringStorageDefault<char>>, core::allocator<core::basic_string<char, core::StringStorageDefault<char>>, 0ul>>&)
#28 0x0000010443ca4c in IsPluginCompatible(core::basic_string<char, core::StringStorageDefault<char>>&, BuildTargetPlatform, EditorScriptCompilationOptions, core::vector<core::basic_string<char, core::StringStorageDefault<char>>, core::allocator<core::basic_string<char, core::StringStorageDefault<char>>, 0ul>> const&, IgnoredAssemblies&, PluginImporter*)
#29 0x0000010443c22c in IsAssemblyCompatible(TargetAssemblyInfo const&, core::basic_string<char, core::StringStorageDefault<char>>&, BuildTargetPlatform, core::vector<core::basic_string<char, core::StringStorageDefault<char>>, core::allocator<core::basic_string<char, core::StringStorageDefault<char>>, 0ul>> const&, EditorScriptCompilationOptions, IgnoredAssemblies&)
#30 0x0000010443d850 in FilterIncompatibleAndDuplicateAssemblies(core::vector<TargetAssemblyInfo, core::allocator<TargetAssemblyInfo, 0ul>> const&, BuildTargetPlatform, core::vector<core::basic_string<char, core::StringStorageDefault<char>>, core::allocator<core::basic_string<char, core::StringStorageDefault<char>>, 0ul>> const&, EditorScriptCompilationOptions, IgnoredAssemblies&)
#31 0x0000010443e050 in CompatibleTargetAssemblies(EditorScriptCompilationOptions, core::vector<TargetAssemblyInfo, core::allocator<TargetAssemblyInfo, 0ul>> const&)
#32 0x0000010444eda0 in UpdateTargetAssembliesInMonoManager()
#33 0x0000010260a1a4 in CallbackArray::Invoke()
#34 0x0000010312b618 in ProfilerCallbackInvoke<CallbackArray, &GlobalCallbacks::initialDomainReloadingComplete>::Invoke(char const*)
#35 0x0000010312aa24 in MonoManager::ReloadAssembly(AssemblyLoadReason)
#36 0x00000104452244 in LoadDomainAndUserAssemblies(AssemblyLoadReason)
#37 0x00000104664b28 in AssetImportWorkerClient::ReloadScriptingDomain()
#38 0x0000010467fa78 in invocation function for block in AssetImportWorkerClient::HandleMessage(InitializeMessage const&)::$_11::operator()() const
#39 0x0000018c528658 in _dispatch_client_callout
#40 0x0000018c537db0 in _dispatch_async_and_wait_invoke
#41 0x0000018c528658 in _dispatch_client_callout
#42 0x0000018c536f68 in _dispatch_main_queue_drain
#43 0x0000018c536b84 in _dispatch_main_queue_callback_4CF
#44 0x0000018c800e60 in __CFRUNLOOP_IS_SERVICING_THE_MAIN_DISPATCH_QUEUE__
#45 0x0000018c7c0a4c in __CFRunLoopRun
#46 0x0000018c7bfbc4 in CFRunLoopRunSpecific
#47 0x00000197c2ff64 in RunCurrentEventLoopInMode
#48 0x00000197c35d54 in ReceiveNextEventCommon
#49 0x00000197c35eb8 in _BlockUntilNextEventMatchingListInModeWithFilter
#50 0x000001902eba08 in _DPSNextEvent
#51 0x00000190c2be0c in -[NSApplication(NSEventRouting) _nextEventMatchingEventMask:untilDate:inMode:dequeue:]
#52 0x000001902deae0 in -[NSApplication run]
#53 0x000001902b5364 in NSApplicationMain
#54 0x00000105235888 in EditorMain(int, char const**)
#55 0x00000105235be4 in main
#56 0x0000018c358274 in start
