Unity Editor version:    6000.0.21f1 (e2bacb8dee3a)
Branch:                  trunk
Build type:              Release
Batch mode:              YES
macOS version:           Version 15.1 (Build 24B83)
Darwin version:          24.1.0
Architecture:            arm64
Running under Rosetta:   NO
Available memory:        36864 MB
Using pre-set license
Pro License: YES

COMMAND LINE ARGUMENTS:
/Applications/Unity/Hub/Editor/6000.0.21f1/Unity.app/Contents/MacOS/Unity
-adb2
-batchMode
-noUpm
-name
AssetImportWorker47
-projectPath
/Users/brettgill/Documents/unity-projects/unity-endless-runner
-logFile
Logs/AssetImportWorker47.log
-srvPort
51406
-job-worker-count
5
-background-job-worker-count
8
-asset-garbage-collectors
1
Successfully changed project path to: /Users/brettgill/Documents/unity-projects/unity-endless-runner
/Users/brettgill/Documents/unity-projects/unity-endless-runner
[UnityMemory] Configuration Parameters - Can be set up in boot.config
    "memorysetup-bucket-allocator-granularity=16"
    "memorysetup-bucket-allocator-bucket-count=8"
    "memorysetup-bucket-allocator-block-size=33554432"
    "memorysetup-bucket-allocator-block-count=8"
    "memorysetup-main-allocator-block-size=16777216"
    "memorysetup-thread-allocator-block-size=16777216"
    "memorysetup-gfx-main-allocator-block-size=16777216"
    "memorysetup-gfx-thread-allocator-block-size=16777216"
    "memorysetup-cache-allocator-block-size=4194304"
    "memorysetup-typetree-allocator-block-size=2097152"
    "memorysetup-profiler-bucket-allocator-granularity=16"
    "memorysetup-profiler-bucket-allocator-bucket-count=8"
    "memorysetup-profiler-bucket-allocator-block-size=33554432"
    "memorysetup-profiler-bucket-allocator-block-count=8"
    "memorysetup-profiler-allocator-block-size=16777216"
    "memorysetup-profiler-editor-allocator-block-size=1048576"
    "memorysetup-temp-allocator-size-main=16777216"
    "memorysetup-job-temp-allocator-block-size=2097152"
    "memorysetup-job-temp-allocator-block-size-background=1048576"
    "memorysetup-job-temp-allocator-reduction-small-platforms=262144"
    "memorysetup-allocator-temp-initial-block-size-main=262144"
    "memorysetup-allocator-temp-initial-block-size-worker=262144"
    "memorysetup-temp-allocator-size-background-worker=32768"
    "memorysetup-temp-allocator-size-job-worker=262144"
    "memorysetup-temp-allocator-size-preload-manager=33554432"
    "memorysetup-temp-allocator-size-nav-mesh-worker=65536"
    "memorysetup-temp-allocator-size-audio-worker=65536"
    "memorysetup-temp-allocator-size-cloud-worker=32768"
    "memorysetup-temp-allocator-size-gi-baking-worker=262144"
    "memorysetup-temp-allocator-size-gi-baking-worker=262144"
    "memorysetup-temp-allocator-size-gi-baking-worker=262144"
    "memorysetup-temp-allocator-size-gi-baking-worker=262144"
    "memorysetup-temp-allocator-size-gi-baking-worker=262144"
    "memorysetup-temp-allocator-size-gfx=262144"
Player connection [8346597440]  Target information:

Player connection [8346597440]  * "[IP] 192.168.1.85 [Port] 0 [Flags] 2 [Guid] 517761604 [EditorId] 517761604 [Version] 1048832 [Id] OSXEditor(0,The-Lab.local) [Debug] 1 [PackageName] OSXEditor [ProjectName] Editor" 

Player connection [8346597440] Host joined multi-casting on [225.0.0.222:54997]...
Player connection [8346597440] Host joined alternative multi-casting on [225.0.0.222:34997]...
JobSystem: Creating JobQueue using job-worker-count value 5
[Physics::Module] Initialized fallback backend.
[Physics::Module] Id: 0xdecafbad
Library Redirect Path: Library/
[Physics::Module] Selected backend.
[Physics::Module] Name: PhysX
[Physics::Module] Id: 0xf2b8ea05
[Physics::Module] SDK Version: 4.1.2
[Physics::Module] Integration Version: 1.0.0
[Physics::Module] Threading Mode: Multi-Threaded
Refreshing native plugins compatible for Editor in 0.69 ms, found 3 plugins.
Preloading 0 native plugins for Editor in 0.00 ms.
Initialize engine version: 6000.0.21f1 (e2bacb8dee3a)
[Subsystems] Discovering subsystems at path /Applications/Unity/Hub/Editor/6000.0.21f1/Unity.app/Contents/Resources/UnitySubsystems
[Subsystems] Discovering subsystems at path /Users/brettgill/Documents/unity-projects/unity-endless-runner/Assets
GfxDevice: creating device client; kGfxThreadingModeNonThreaded
 preferred device: Apple M3 Pro (high power)
Metal devices available: 1
0: Apple M3 Pro (high power)
Using device Apple M3 Pro (high power)
Initializing Metal device caps: Apple M3 Pro
Initialize mono
Mono path[0] = '/Applications/Unity/Hub/Editor/6000.0.21f1/Unity.app/Contents/Managed'
Mono path[1] = '/Applications/Unity/Hub/Editor/6000.0.21f1/Unity.app/Contents/MonoBleedingEdge/lib/mono/unityjit-macos'
Mono config path = '/Applications/Unity/Hub/Editor/6000.0.21f1/Unity.app/Contents/MonoBleedingEdge/etc'
Using monoOptions --debugger-agent=transport=dt_socket,embedding=1,server=y,suspend=n,address=127.0.0.1:56721
Begin MonoManager ReloadAssembly
Registering precompiled unity dll's ...
Register platform support module: /Applications/Unity/Hub/Editor/6000.0.21f1/PlaybackEngines/WebGLSupport/UnityEditor.WebGL.Extensions.dll
Register platform support module: /Applications/Unity/Hub/Editor/6000.0.21f1/Unity.app/Contents/PlaybackEngines/MacStandaloneSupport/UnityEditor.OSXStandalone.Extensions.dll
Registered in 0.000726 seconds.
- Loaded All Assemblies, in  0.212 seconds
Native extension for OSXStandalone target not found
Native extension for WebGL target not found
Mono: successfully reloaded assembly
- Finished resetting the current domain, in  0.280 seconds
Domain Reload Profiling: 492ms
	BeginReloadAssembly (42ms)
		ExecutionOrderSort (0ms)
		DisableScriptedObjects (0ms)
		BackupInstance (0ms)
		ReleaseScriptingObjects (0ms)
		CreateAndSetChildDomain (0ms)
	RebuildCommonClasses (24ms)
	RebuildNativeTypeToScriptingClass (9ms)
	initialDomainReloadingComplete (27ms)
	LoadAllAssembliesAndSetupDomain (109ms)
		LoadAssemblies (42ms)
		RebuildTransferFunctionScriptingTraits (0ms)
		AnalyzeDomain (107ms)
			TypeCache.Refresh (106ms)
				TypeCache.ScanAssembly (97ms)
			BuildScriptInfoCaches (0ms)
			ResolveRequiredComponents (0ms)
	FinalizeReload (280ms)
		ReleaseScriptCaches (0ms)
		RebuildScriptCaches (0ms)
		SetupLoadedEditorAssemblies (252ms)
			LogAssemblyErrors (0ms)
			InitializePlatformSupportModulesInManaged (28ms)
			SetLoadedEditorAssemblies (3ms)
			BeforeProcessingInitializeOnLoad (4ms)
			ProcessInitializeOnLoadAttributes (148ms)
			ProcessInitializeOnLoadMethodAttributes (67ms)
			AfterProcessingInitializeOnLoad (2ms)
			EditorAssembliesLoaded (0ms)
		ExecutionOrderSort2 (0ms)
		AwakeInstancesAfterBackupRestoration (0ms)
========================================================================
Worker process is ready to serve import requests
Import Worker Mode flag is 0x00
Begin MonoManager ReloadAssembly
mono_os_mutex_lock: pthread_mutex_lock failed with "Invalid argument" (22)
Obtained 67 stack frames.
#0  0x0000018c6a2600 in __pthread_kill
#1  0x0000018c5e7908 in abort
#2  0x000001402193e8 in monoeg_g_printv
#3  0x000001401feaa4 in mono_log_write_logfile
#4  0x00000140219600 in monoeg_g_logv_nofree
#5  0x00000140219650 in monoeg_g_log
#6  0x000001401603e8 in mono_image_lock
#7  0x000001401635d4 in mono_get_method_checked
#8  0x000001401dbed8 in mono_custom_attrs_from_index_checked
#9  0x000001401dc15c in mono_custom_attrs_from_class
#10 0x00000104f8935c in AttributeScanner::Next()
#11 0x0000010504c5b4 in SerializableManagedRef::AssertKlassMeetsRequirements()
#12 0x00000104f1fcac in ManagedMonoBehaviourRef::SetScriptCache(std::__1::shared_ptr<MonoScriptCache>&)
#13 0x0000010504d840 in SerializableManagedRef::SetupScriptingCache(Object*, ScriptingClassPtr, MonoScript*)
#14 0x0000010504dbf4 in SerializableManagedRef::RebuildMonoInstance(Object*, ScriptingClassPtr, ScriptingObjectPtr, MonoScript*)
#15 0x00000105064b88 in PersistentManager::ProduceObject(SerializedFile&, SerializedObjectIdentifier, int, ObjectCreationMode, PersistentManager::LockFlags)
#16 0x000001050646f0 in PersistentManager::CreateThreadActivationQueueEntry(SerializedFile&, SerializedObjectIdentifier, int, bool, PersistentManager::LockFlags)
#17 0x00000105064f7c in PersistentManager::ReadAndActivateObjectThreaded(int, SerializedObjectIdentifier const&, SerializedFile*, bool, bool, PersistentManager::LockFlags)
#18 0x00000105064248 in PersistentManager::ReadObjectThreaded(int, PersistentManager::LockFlags)
#19 0x00000105061e24 in PersistentManager::ReadObject(int, AwakeFromLoadMode)
#20 0x0000010443ce0c in PPtr<MonoBehaviour>::operator MonoBehaviour*() const
#21 0x000001045e6f20 in EditorUserBuildSettings_CUSTOM_GetActiveBuildProfile()
#22 0x00000141208388 in  (wrapper managed-to-native) UnityEditor.EditorUserBuildSettings:GetActiveBuildProfile_Injected () [{0x144202790} + 0x58]  (0x141208330 0x1412083ec) [0x1254eaa80 - Unity Child Domain]
#23 0x00000141208080 in  UnityEditor.EditorUserBuildSettings:GetActiveBuildProfile () [{0x14595bcd8} + 0x18]  (0x141208068 0x1412081b0) [0x1254eaa80 - Unity Child Domain]
#24 0x00000141207fd0 in  UnityEditor.EditorUserBuildSettings:get_activeBuildProfile () [{0x14595bc88} + 0x10] [/Users/bokken/build/output/unity/unity/Editor/Mono/EditorUserBuildSettings.bindings.cs :: 1154u] (0x141207fc0 0x141208014) [0x1254eaa80 - Unity Child Domain]
#25 0x00000141207ce0 in  UnityEditor.Build.BuildDefines:GetBuildProfileScriptDefines () [{0x145982e50} + 0x10] [/Users/bokken/build/output/unity/unity/Modules/BuildPipeline/Editor/Managed/BuildDefines.cs :: 31u] (0x141207cd0 0x141207d28) [0x1254eaa80 - Unity Child Domain]
#26 0x00000141207ed0 in  (wrapper runtime-invoke) <Module>:runtime_invoke_object (object,intptr,intptr,intptr) [{0x144202aa0} + 0x68]  (0x141207e68 0x141207f6c) [0x1254eaa80 - Unity Child Domain]
#27 0x0000014000f74c in mono_jit_runtime_invoke
#28 0x00000140194d00 in do_runtime_invoke
#29 0x00000140194c40 in mono_runtime_invoke
#30 0x00000104faef58 in scripting_method_invoke(ScriptingMethodPtr, ScriptingObjectPtr, ScriptingArguments&, ScriptingExceptionPtr*, bool)
#31 0x00000104f85bcc in ScriptingInvocation::Invoke(ScriptingExceptionPtr*, bool)
#32 0x00000104f85ca0 in ScriptingArrayPtr ScriptingInvocation::Invoke<ScriptingArrayPtr>(ScriptingExceptionPtr*, bool)
#33 0x000001050de858 in Scripting::UnityEditor::Build::BuildDefinesProxy::GetBuildProfileScriptDefines(ScriptingExceptionPtr*)
#34 0x00000105ed7dd8 in invokeEditorBuildProfileScriptCompilationDefines(BuildTargetPlatform, int, core::vector<core::basic_string<char, core::StringStorageDefault<char>>, core::allocator<core::basic_string<char, core::StringStorageDefault<char>>, 0ul>>&)
#35 0x00000105ed78bc in GetScriptCompilationDefines(EditorScriptCompilationOptions, BuildTargetPlatform, int, CompatibilityLevel, core::vector<core::basic_string<char, core::StringStorageDefault<char>>, core::allocator<core::basic_string<char, core::StringStorageDefault<char>>, 0ul>> const&, core::vector<core::basic_string<char, core::StringStorageDefault<char>>, core::allocator<core::basic_string<char, core::StringStorageDefault<char>>, 0ul>>&)
#36 0x00000105ed7d2c in GetScriptCompilationDefines(EditorScriptCompilationOptions, BuildTargetPlatform, int, core::vector<core::basic_string<char, core::StringStorageDefault<char>>, core::allocator<core::basic_string<char, core::StringStorageDefault<char>>, 0ul>> const&, core::vector<core::basic_string<char, core::StringStorageDefault<char>>, core::allocator<core::basic_string<char, core::StringStorageDefault<char>>, 0ul>>&)
#37 0x00000105bd56ac in EditorUserBuildSettings::GetActiveScriptCompilationDefinesFromCompilationOptions(EditorScriptCompilationOptions, core::vector<core::basic_string<char, core::StringStorageDefault<char>>, core::allocator<core::basic_string<char, core::StringStorageDefault<char>>, 0ul>> const&, core::vector<core::basic_string<char, core::StringStorageDefault<char>>, core::allocator<core::basic_string<char, core::StringStorageDefault<char>>, 0ul>>&)
#38 0x00000106264a4c in IsPluginCompatible(core::basic_string<char, core::StringStorageDefault<char>>&, BuildTargetPlatform, EditorScriptCompilationOptions, core::vector<core::basic_string<char, core::StringStorageDefault<char>>, core::allocator<core::basic_string<char, core::StringStorageDefault<char>>, 0ul>> const&, IgnoredAssemblies&, PluginImporter*)
#39 0x0000010626422c in IsAssemblyCompatible(TargetAssemblyInfo const&, core::basic_string<char, core::StringStorageDefault<char>>&, BuildTargetPlatform, core::vector<core::basic_string<char, core::StringStorageDefault<char>>, core::allocator<core::basic_string<char, core::StringStorageDefault<char>>, 0ul>> const&, EditorScriptCompilationOptions, IgnoredAssemblies&)
#40 0x00000106265850 in FilterIncompatibleAndDuplicateAssemblies(core::vector<TargetAssemblyInfo, core::allocator<TargetAssemblyInfo, 0ul>> const&, BuildTargetPlatform, core::vector<core::basic_string<char, core::StringStorageDefault<char>>, core::allocator<core::basic_string<char, core::StringStorageDefault<char>>, 0ul>> const&, EditorScriptCompilationOptions, IgnoredAssemblies&)
#41 0x00000106266050 in CompatibleTargetAssemblies(EditorScriptCompilationOptions, core::vector<TargetAssemblyInfo, core::allocator<TargetAssemblyInfo, 0ul>> const&)
#42 0x00000106276da0 in UpdateTargetAssembliesInMonoManager()
#43 0x000001044321a4 in CallbackArray::Invoke()
#44 0x00000104f53618 in ProfilerCallbackInvoke<CallbackArray, &GlobalCallbacks::initialDomainReloadingComplete>::Invoke(char const*)
#45 0x00000104f52a24 in MonoManager::ReloadAssembly(AssemblyLoadReason)
#46 0x0000010627a244 in LoadDomainAndUserAssemblies(AssemblyLoadReason)
#47 0x0000010648cb28 in AssetImportWorkerClient::ReloadScriptingDomain()
#48 0x000001064a7a78 in invocation function for block in AssetImportWorkerClient::HandleMessage(InitializeMessage const&)::$_11::operator()() const
#49 0x0000018c528658 in _dispatch_client_callout
#50 0x0000018c537db0 in _dispatch_async_and_wait_invoke
#51 0x0000018c528658 in _dispatch_client_callout
#52 0x0000018c536f68 in _dispatch_main_queue_drain
#53 0x0000018c536b84 in _dispatch_main_queue_callback_4CF
#54 0x0000018c800e60 in __CFRUNLOOP_IS_SERVICING_THE_MAIN_DISPATCH_QUEUE__
#55 0x0000018c7c0a4c in __CFRunLoopRun
#56 0x0000018c7bfbc4 in CFRunLoopRunSpecific
#57 0x00000197c2ff64 in RunCurrentEventLoopInMode
#58 0x00000197c35d54 in ReceiveNextEventCommon
#59 0x00000197c35eb8 in _BlockUntilNextEventMatchingListInModeWithFilter
#60 0x000001902eba08 in _DPSNextEvent
#61 0x00000190c2be0c in -[NSApplication(NSEventRouting) _nextEventMatchingEventMask:untilDate:inMode:dequeue:]
#62 0x000001902deae0 in -[NSApplication run]
#63 0x000001902b5364 in NSApplicationMain
#64 0x0000010705d888 in EditorMain(int, char const**)
#65 0x0000010705dbe4 in main
#66 0x0000018c358274 in start
