Unity Editor version:    6000.0.21f1 (e2bacb8dee3a)
Branch:                  trunk
Build type:              Release
Batch mode:              YES
macOS version:           Version 15.1 (Build 24B83)
Darwin version:          24.1.0
Architecture:            arm64
Running under Rosetta:   NO
Available memory:        36864 MB
Using pre-set license
Pro License: YES

COMMAND LINE ARGUMENTS:
/Applications/Unity/Hub/Editor/6000.0.21f1/Unity.app/Contents/MacOS/Unity
-adb2
-batchMode
-noUpm
-name
AssetImportWorker18
-projectPath
/Users/brettgill/Documents/unity-projects/unity-endless-runner
-logFile
Logs/AssetImportWorker18.log
-srvPort
51406
-job-worker-count
5
-background-job-worker-count
8
-asset-garbage-collectors
1
Successfully changed project path to: /Users/brettgill/Documents/unity-projects/unity-endless-runner
/Users/brettgill/Documents/unity-projects/unity-endless-runner
[UnityMemory] Configuration Parameters - Can be set up in boot.config
    "memorysetup-bucket-allocator-granularity=16"
    "memorysetup-bucket-allocator-bucket-count=8"
    "memorysetup-bucket-allocator-block-size=33554432"
    "memorysetup-bucket-allocator-block-count=8"
    "memorysetup-main-allocator-block-size=16777216"
    "memorysetup-thread-allocator-block-size=16777216"
    "memorysetup-gfx-main-allocator-block-size=16777216"
    "memorysetup-gfx-thread-allocator-block-size=16777216"
    "memorysetup-cache-allocator-block-size=4194304"
    "memorysetup-typetree-allocator-block-size=2097152"
    "memorysetup-profiler-bucket-allocator-granularity=16"
    "memorysetup-profiler-bucket-allocator-bucket-count=8"
    "memorysetup-profiler-bucket-allocator-block-size=33554432"
    "memorysetup-profiler-bucket-allocator-block-count=8"
    "memorysetup-profiler-allocator-block-size=16777216"
    "memorysetup-profiler-editor-allocator-block-size=1048576"
    "memorysetup-temp-allocator-size-main=16777216"
    "memorysetup-job-temp-allocator-block-size=2097152"
    "memorysetup-job-temp-allocator-block-size-background=1048576"
    "memorysetup-job-temp-allocator-reduction-small-platforms=262144"
    "memorysetup-allocator-temp-initial-block-size-main=262144"
    "memorysetup-allocator-temp-initial-block-size-worker=262144"
    "memorysetup-temp-allocator-size-background-worker=32768"
    "memorysetup-temp-allocator-size-job-worker=262144"
    "memorysetup-temp-allocator-size-preload-manager=33554432"
    "memorysetup-temp-allocator-size-nav-mesh-worker=65536"
    "memorysetup-temp-allocator-size-audio-worker=65536"
    "memorysetup-temp-allocator-size-cloud-worker=32768"
    "memorysetup-temp-allocator-size-gi-baking-worker=262144"
    "memorysetup-temp-allocator-size-gi-baking-worker=262144"
    "memorysetup-temp-allocator-size-gi-baking-worker=262144"
    "memorysetup-temp-allocator-size-gi-baking-worker=262144"
    "memorysetup-temp-allocator-size-gi-baking-worker=262144"
    "memorysetup-temp-allocator-size-gfx=262144"
Player connection [8346597440]  Target information:

Player connection [8346597440]  * "[IP] 192.168.1.85 [Port] 0 [Flags] 2 [Guid] 1195022734 [EditorId] 1195022734 [Version] 1048832 [Id] OSXEditor(0,The-Lab.local) [Debug] 1 [PackageName] OSXEditor [ProjectName] Editor" 

Player connection [8346597440] Host joined multi-casting on [225.0.0.222:54997]...
Player connection [8346597440] Host joined alternative multi-casting on [225.0.0.222:34997]...
JobSystem: Creating JobQueue using job-worker-count value 5
[Physics::Module] Initialized fallback backend.
[Physics::Module] Id: 0xdecafbad
Library Redirect Path: Library/
[Physics::Module] Selected backend.
[Physics::Module] Name: PhysX
[Physics::Module] Id: 0xf2b8ea05
[Physics::Module] SDK Version: 4.1.2
[Physics::Module] Integration Version: 1.0.0
[Physics::Module] Threading Mode: Multi-Threaded
Refreshing native plugins compatible for Editor in 0.91 ms, found 3 plugins.
Preloading 0 native plugins for Editor in 0.00 ms.
Initialize engine version: 6000.0.21f1 (e2bacb8dee3a)
[Subsystems] Discovering subsystems at path /Applications/Unity/Hub/Editor/6000.0.21f1/Unity.app/Contents/Resources/UnitySubsystems
[Subsystems] Discovering subsystems at path /Users/brettgill/Documents/unity-projects/unity-endless-runner/Assets
GfxDevice: creating device client; kGfxThreadingModeNonThreaded
 preferred device: Apple M3 Pro (high power)
Metal devices available: 1
0: Apple M3 Pro (high power)
Using device Apple M3 Pro (high power)
Initializing Metal device caps: Apple M3 Pro
Initialize mono
Mono path[0] = '/Applications/Unity/Hub/Editor/6000.0.21f1/Unity.app/Contents/Managed'
Mono path[1] = '/Applications/Unity/Hub/Editor/6000.0.21f1/Unity.app/Contents/MonoBleedingEdge/lib/mono/unityjit-macos'
Mono config path = '/Applications/Unity/Hub/Editor/6000.0.21f1/Unity.app/Contents/MonoBleedingEdge/etc'
Using monoOptions --debugger-agent=transport=dt_socket,embedding=1,server=y,suspend=n,address=127.0.0.1:56639
Begin MonoManager ReloadAssembly
Registering precompiled unity dll's ...
Register platform support module: /Applications/Unity/Hub/Editor/6000.0.21f1/PlaybackEngines/WebGLSupport/UnityEditor.WebGL.Extensions.dll
Register platform support module: /Applications/Unity/Hub/Editor/6000.0.21f1/Unity.app/Contents/PlaybackEngines/MacStandaloneSupport/UnityEditor.OSXStandalone.Extensions.dll
Registered in 0.000715 seconds.
- Loaded All Assemblies, in  0.193 seconds
Native extension for OSXStandalone target not found
Native extension for WebGL target not found
Mono: successfully reloaded assembly
- Finished resetting the current domain, in  0.261 seconds
Domain Reload Profiling: 455ms
	BeginReloadAssembly (41ms)
		ExecutionOrderSort (0ms)
		DisableScriptedObjects (0ms)
		BackupInstance (0ms)
		ReleaseScriptingObjects (0ms)
		CreateAndSetChildDomain (0ms)
	RebuildCommonClasses (23ms)
	RebuildNativeTypeToScriptingClass (9ms)
	initialDomainReloadingComplete (24ms)
	LoadAllAssembliesAndSetupDomain (96ms)
		LoadAssemblies (40ms)
		RebuildTransferFunctionScriptingTraits (0ms)
		AnalyzeDomain (95ms)
			TypeCache.Refresh (94ms)
				TypeCache.ScanAssembly (86ms)
			BuildScriptInfoCaches (0ms)
			ResolveRequiredComponents (0ms)
	FinalizeReload (261ms)
		ReleaseScriptCaches (0ms)
		RebuildScriptCaches (0ms)
		SetupLoadedEditorAssemblies (237ms)
			LogAssemblyErrors (0ms)
			InitializePlatformSupportModulesInManaged (25ms)
			SetLoadedEditorAssemblies (2ms)
			BeforeProcessingInitializeOnLoad (3ms)
			ProcessInitializeOnLoadAttributes (145ms)
			ProcessInitializeOnLoadMethodAttributes (60ms)
			AfterProcessingInitializeOnLoad (1ms)
			EditorAssembliesLoaded (0ms)
		ExecutionOrderSort2 (0ms)
		AwakeInstancesAfterBackupRestoration (0ms)
========================================================================
Worker process is ready to serve import requests
Import Worker Mode flag is 0x00
Begin MonoManager ReloadAssembly

=================================================================
	Native Crash Reporting
=================================================================
Got a segv while executing native code. This usually indicates
a fatal error in the mono runtime or one of the native libraries 
used by your application.
=================================================================

=================================================================
	Native stacktrace:
=================================================================
	0x30d7819b4 - /Applications/Unity/Hub/Editor/6000.0.21f1/Unity.app/Contents/Frameworks/MonoBleedingEdge/MonoEmbedRuntime/osx/libmonobdwgc-2.0.dylib : mono_dump_native_crash_info
	0x30d743c34 - /Applications/Unity/Hub/Editor/6000.0.21f1/Unity.app/Contents/Frameworks/MonoBleedingEdge/MonoEmbedRuntime/osx/libmonobdwgc-2.0.dylib : mono_handle_native_crash
	0x30d6cc478 - /Applications/Unity/Hub/Editor/6000.0.21f1/Unity.app/Contents/Frameworks/MonoBleedingEdge/MonoEmbedRuntime/osx/libmonobdwgc-2.0.dylib : mono_sigsegv_signal_handler_debug
	0x18c710184 - /usr/lib/system/libsystem_platform.dylib : _sigtramp
	0x30d89c15c - /Applications/Unity/Hub/Editor/6000.0.21f1/Unity.app/Contents/Frameworks/MonoBleedingEdge/MonoEmbedRuntime/osx/libmonobdwgc-2.0.dylib : mono_custom_attrs_from_class
	0x30d89c15c - /Applications/Unity/Hub/Editor/6000.0.21f1/Unity.app/Contents/Frameworks/MonoBleedingEdge/MonoEmbedRuntime/osx/libmonobdwgc-2.0.dylib : mono_custom_attrs_from_class
	0x1032fd064 - /Applications/Unity/Hub/Editor/6000.0.21f1/Unity.app/Contents/MacOS/Unity : _ZN16AttributeScanner4NextEv
	0x1033c05b4 - /Applications/Unity/Hub/Editor/6000.0.21f1/Unity.app/Contents/MacOS/Unity : _ZN22SerializableManagedRef28AssertKlassMeetsRequirementsEv
	0x103293cac - /Applications/Unity/Hub/Editor/6000.0.21f1/Unity.app/Contents/MacOS/Unity : _ZN23ManagedMonoBehaviourRef14SetScriptCacheERNSt3__110shared_ptrI15MonoScriptCacheEE
	0x1033c1840 - /Applications/Unity/Hub/Editor/6000.0.21f1/Unity.app/Contents/MacOS/Unity : _ZN22SerializableManagedRef19SetupScriptingCacheEP6Object17ScriptingClassPtrP10MonoScript
	0x1033c1bf4 - /Applications/Unity/Hub/Editor/6000.0.21f1/Unity.app/Contents/MacOS/Unity : _ZN22SerializableManagedRef19RebuildMonoInstanceEP6Object17ScriptingClassPtr18ScriptingObjectPtrP10MonoScript
	0x1033d8b88 - /Applications/Unity/Hub/Editor/6000.0.21f1/Unity.app/Contents/MacOS/Unity : _ZN17PersistentManager13ProduceObjectER14SerializedFile26SerializedObjectIdentifieri18ObjectCreationModeNS_9LockFlagsE
	0x1033d86f0 - /Applications/Unity/Hub/Editor/6000.0.21f1/Unity.app/Contents/MacOS/Unity : _ZN17PersistentManager32CreateThreadActivationQueueEntryER14SerializedFile26SerializedObjectIdentifieribNS_9LockFlagsE
	0x1033d8f7c - /Applications/Unity/Hub/Editor/6000.0.21f1/Unity.app/Contents/MacOS/Unity : _ZN17PersistentManager29ReadAndActivateObjectThreadedEiRK26SerializedObjectIdentifierP14SerializedFilebbNS_9LockFlagsE
	0x1033d8248 - /Applications/Unity/Hub/Editor/6000.0.21f1/Unity.app/Contents/MacOS/Unity : _ZN17PersistentManager18ReadObjectThreadedEiNS_9LockFlagsE
	0x1033d5e24 - /Applications/Unity/Hub/Editor/6000.0.21f1/Unity.app/Contents/MacOS/Unity : _ZN17PersistentManager10ReadObjectEi17AwakeFromLoadMode
	0x1027b0e0c - /Applications/Unity/Hub/Editor/6000.0.21f1/Unity.app/Contents/MacOS/Unity : _ZNK4PPtrI13MonoBehaviourEcvPS0_Ev
	0x10295af20 - /Applications/Unity/Hub/Editor/6000.0.21f1/Unity.app/Contents/MacOS/Unity : _Z52EditorUserBuildSettings_CUSTOM_GetActiveBuildProfilev
	0x30eec8388 - Unknown
	0x30eec8080 - Unknown
	0x30eec7fd0 - Unknown
	0x30eec7ce0 - Unknown
	0x30eec7ed0 - Unknown
	0x30d6cf74c - /Applications/Unity/Hub/Editor/6000.0.21f1/Unity.app/Contents/Frameworks/MonoBleedingEdge/MonoEmbedRuntime/osx/libmonobdwgc-2.0.dylib : mono_jit_runtime_invoke
	0x30d854d00 - /Applications/Unity/Hub/Editor/6000.0.21f1/Unity.app/Contents/Frameworks/MonoBleedingEdge/MonoEmbedRuntime/osx/libmonobdwgc-2.0.dylib : do_runtime_invoke
	0x30d854c40 - /Applications/Unity/Hub/Editor/6000.0.21f1/Unity.app/Contents/Frameworks/MonoBleedingEdge/MonoEmbedRuntime/osx/libmonobdwgc-2.0.dylib : mono_runtime_invoke
	0x103322f58 - /Applications/Unity/Hub/Editor/6000.0.21f1/Unity.app/Contents/MacOS/Unity : _Z23scripting_method_invoke18ScriptingMethodPtr18ScriptingObjectPtrR18ScriptingArgumentsP21ScriptingExceptionPtrb
	0x1032f9bcc - /Applications/Unity/Hub/Editor/6000.0.21f1/Unity.app/Contents/MacOS/Unity : _ZN19ScriptingInvocation6InvokeEP21ScriptingExceptionPtrb
	0x1032f9ca0 - /Applications/Unity/Hub/Editor/6000.0.21f1/Unity.app/Contents/MacOS/Unity : _ZN19ScriptingInvocation6InvokeI17ScriptingArrayPtrEET_P21ScriptingExceptionPtrb
	0x103452858 - /Applications/Unity/Hub/Editor/6000.0.21f1/Unity.app/Contents/MacOS/Unity : _ZN9Scripting11UnityEditor5Build17BuildDefinesProxy28GetBuildProfileScriptDefinesEP21ScriptingExceptionPtr
	0x10424bdd8 - /Applications/Unity/Hub/Editor/6000.0.21f1/Unity.app/Contents/MacOS/Unity : _Z48invokeEditorBuildProfileScriptCompilationDefines19BuildTargetPlatformiRN4core6vectorINS0_12basic_stringIcNS0_20StringStorageDefaultIcEEEENS0_9allocatorIS5_Lm0EEEEE
	0x10424b8bc - /Applications/Unity/Hub/Editor/6000.0.21f1/Unity.app/Contents/MacOS/Unity : _Z27GetScriptCompilationDefines30EditorScriptCompilationOptions19BuildTargetPlatformi18CompatibilityLevelRKN4core6vectorINS2_12basic_stringIcNS2_20StringStorageDefaultIcEEEENS2_9allocatorIS7_Lm0EEEEERSA_
	0x10424bd2c - /Applications/Unity/Hub/Editor/6000.0.21f1/Unity.app/Contents/MacOS/Unity : _Z27GetScriptCompilationDefines30EditorScriptCompilationOptions19BuildTargetPlatformiRKN4core6vectorINS1_12basic_stringIcNS1_20StringStorageDefaultIcEEEENS1_9allocatorIS6_Lm0EEEEERS9_
	0x103f496ac - /Applications/Unity/Hub/Editor/6000.0.21f1/Unity.app/Contents/MacOS/Unity : _ZN23EditorUserBuildSettings55GetActiveScriptCompilationDefinesFromCompilationOptionsE30EditorScriptCompilationOptionsRKN4core6vectorINS1_12basic_stringIcNS1_20StringStorageDefaultIcEEEENS1_9allocatorIS6_Lm0EEEEERS9_
	0x1045d8a4c - /Applications/Unity/Hub/Editor/6000.0.21f1/Unity.app/Contents/MacOS/Unity : _ZL18IsPluginCompatibleRN4core12basic_stringIcNS_20StringStorageDefaultIcEEEE19BuildTargetPlatform30EditorScriptCompilationOptionsRKNS_6vectorIS3_NS_9allocatorIS3_Lm0EEEEER17IgnoredAssembliesP14PluginImporter
	0x1045d822c - /Applications/Unity/Hub/Editor/6000.0.21f1/Unity.app/Contents/MacOS/Unity : _Z20IsAssemblyCompatibleRK18TargetAssemblyInfoRN4core12basic_stringIcNS2_20StringStorageDefaultIcEEEE19BuildTargetPlatformRKNS2_6vectorIS6_NS2_9allocatorIS6_Lm0EEEEE30EditorScriptCompilationOptionsR17IgnoredAssemblies
	0x1045d9850 - /Applications/Unity/Hub/Editor/6000.0.21f1/Unity.app/Contents/MacOS/Unity : _Z40FilterIncompatibleAndDuplicateAssembliesRKN4core6vectorI18TargetAssemblyInfoNS_9allocatorIS1_Lm0EEEEE19BuildTargetPlatformRKNS0_INS_12basic_stringIcNS_20StringStorageDefaultIcEEEENS2_ISB_Lm0EEEEE30EditorScriptCompilationOptionsR17IgnoredAssemblies
	0x1045da050 - /Applications/Unity/Hub/Editor/6000.0.21f1/Unity.app/Contents/MacOS/Unity : _Z26CompatibleTargetAssemblies30EditorScriptCompilationOptionsRKN4core6vectorI18TargetAssemblyInfoNS0_9allocatorIS2_Lm0EEEEE
	0x1045eada0 - /Applications/Unity/Hub/Editor/6000.0.21f1/Unity.app/Contents/MacOS/Unity : _Z35UpdateTargetAssembliesInMonoManagerv
	0x1027a61a4 - /Applications/Unity/Hub/Editor/6000.0.21f1/Unity.app/Contents/MacOS/Unity : _ZN13CallbackArray6InvokeEv
	0x1032c7618 - /Applications/Unity/Hub/Editor/6000.0.21f1/Unity.app/Contents/MacOS/Unity : _ZN22ProfilerCallbackInvokeI13CallbackArrayXadL_ZN15GlobalCallbacks30initialDomainReloadingCompleteEEEE6InvokeEPKc
	0x1032c6a24 - /Applications/Unity/Hub/Editor/6000.0.21f1/Unity.app/Contents/MacOS/Unity : _ZN11MonoManager14ReloadAssemblyE18AssemblyLoadReason
	0x1045ee244 - /Applications/Unity/Hub/Editor/6000.0.21f1/Unity.app/Contents/MacOS/Unity : _ZL27LoadDomainAndUserAssemblies18AssemblyLoadReason
	0x104800b28 - /Applications/Unity/Hub/Editor/6000.0.21f1/Unity.app/Contents/MacOS/Unity : _ZN23AssetImportWorkerClient21ReloadScriptingDomainEv
	0x10481ba78 - /Applications/Unity/Hub/Editor/6000.0.21f1/Unity.app/Contents/MacOS/Unity : ___ZZN23AssetImportWorkerClient13HandleMessageERK17InitializeMessageENK4$_11clEv_block_invoke
	0x18c528658 - /usr/lib/system/libdispatch.dylib : _dispatch_client_callout
	0x18c537db0 - /usr/lib/system/libdispatch.dylib : _dispatch_async_and_wait_invoke
	0x18c528658 - /usr/lib/system/libdispatch.dylib : _dispatch_client_callout
	0x18c536f68 - /usr/lib/system/libdispatch.dylib : _dispatch_main_queue_drain
	0x18c536b84 - /usr/lib/system/libdispatch.dylib : _dispatch_main_queue_callback_4CF
	0x18c800e60 - /System/Library/Frameworks/CoreFoundation.framework/Versions/A/CoreFoundation : __CFRUNLOOP_IS_SERVICING_THE_MAIN_DISPATCH_QUEUE__
	0x18c7c0a4c - /System/Library/Frameworks/CoreFoundation.framework/Versions/A/CoreFoundation : __CFRunLoopRun
	0x18c7bfbc4 - /System/Library/Frameworks/CoreFoundation.framework/Versions/A/CoreFoundation : CFRunLoopRunSpecific
	0x197c2ff64 - /System/Library/Frameworks/Carbon.framework/Versions/A/Frameworks/HIToolbox.framework/Versions/A/HIToolbox : RunCurrentEventLoopInMode
	0x197c35bb4 - /System/Library/Frameworks/Carbon.framework/Versions/A/Frameworks/HIToolbox.framework/Versions/A/HIToolbox : ReceiveNextEventCommon
	0x197c35eb8 - /System/Library/Frameworks/Carbon.framework/Versions/A/Frameworks/HIToolbox.framework/Versions/A/HIToolbox : _BlockUntilNextEventMatchingListInModeWithFilter
	0x1902eba08 - /System/Library/Frameworks/AppKit.framework/Versions/C/AppKit : _DPSNextEvent
	0x190c2be0c - /System/Library/Frameworks/AppKit.framework/Versions/C/AppKit : -[NSApplication(NSEventRouting) _nextEventMatchingEventMask:untilDate:inMode:dequeue:]
	0x1902deae0 - /System/Library/Frameworks/AppKit.framework/Versions/C/AppKit : -[NSApplication run]
	0x1902b5364 - /System/Library/Frameworks/AppKit.framework/Versions/C/AppKit : NSApplicationMain
	0x1053d1888 - /Applications/Unity/Hub/Editor/6000.0.21f1/Unity.app/Contents/MacOS/Unity : _Z10EditorMainiPPKc
	0x1053d1be4 - /Applications/Unity/Hub/Editor/6000.0.21f1/Unity.app/Contents/MacOS/Unity : main
	0x18c358274 - /usr/lib/dyld : start

=================================================================
	Telemetry Dumper:
=================================================================
Pkilling 0x13121302528x from 0x8346597440x
Pkilling 0x6405664768x from 0x8346597440x
Pkilling 0x6405091328x from 0x8346597440x
Pkilling 0x6404517888x from 0x8346597440x
Pkilling 0x13119156224x from 0x8346597440x
Entering thread summarizer pause from 0x8346597440x
Finished thread summarizer pause from 0x8346597440x.
Failed to create breadcrumb file (null)/crash_hash_0x76e3adcd6
debugger-agent: Unable to listen on 40

Waiting for dumping threads to resume

=================================================================
	External Debugger Dump:
=================================================================

=================================================================
	Basic Fault Address Reporting
=================================================================
Memory around native instruction pointer (0x30d89c1b0):0x30d89c1a0  e0 03 14 aa 34 5e fd 97 14 00 40 f9 80 1e 40 f9  ....4^....@...@.
0x30d89c1b0  08 70 40 39 48 01 00 37 e0 03 14 aa 0c 00 00 94  .p@9H..7........
0x30d89c1c0  e1 03 00 aa 80 1e 40 f9 02 00 80 52 e3 03 13 aa  ......@....R....
0x30d89c1d0  fd 7b 41 a9 f4 4f c2 a8 ec fe ff 17 e1 03 14 aa  .{A..O..........

=================================================================
	Managed Stacktrace:
=================================================================
	  at <unknown> <0xffffffff>
	  at UnityEditor.EditorUserBuildSettings:GetActiveBuildProfile_Injected <0x00007>
	  at UnityEditor.EditorUserBuildSettings:GetActiveBuildProfile <0x00017>
	  at UnityEditor.EditorUserBuildSettings:get_activeBuildProfile <0x0000f>
	  at UnityEditor.Build.BuildDefines:GetBuildProfileScriptDefines <0x0000f>
	  at <Module>:runtime_invoke_object <0x00067>
=================================================================
Obtained 59 stack frames.
#0  0x0000030d89c1b0 in mono_custom_attrs_from_class_checked
#1  0x0000030d89c15c in mono_custom_attrs_from_class
#2  0x000001032fd064 in AttributeScanner::Next()
#3  0x000001033c05b4 in SerializableManagedRef::AssertKlassMeetsRequirements()
#4  0x00000103293cac in ManagedMonoBehaviourRef::SetScriptCache(std::__1::shared_ptr<MonoScriptCache>&)
#5  0x000001033c1840 in SerializableManagedRef::SetupScriptingCache(Object*, ScriptingClassPtr, MonoScript*)
#6  0x000001033c1bf4 in SerializableManagedRef::RebuildMonoInstance(Object*, ScriptingClassPtr, ScriptingObjectPtr, MonoScript*)
#7  0x000001033d8b88 in PersistentManager::ProduceObject(SerializedFile&, SerializedObjectIdentifier, int, ObjectCreationMode, PersistentManager::LockFlags)
#8  0x000001033d86f0 in PersistentManager::CreateThreadActivationQueueEntry(SerializedFile&, SerializedObjectIdentifier, int, bool, PersistentManager::LockFlags)
#9  0x000001033d8f7c in PersistentManager::ReadAndActivateObjectThreaded(int, SerializedObjectIdentifier const&, SerializedFile*, bool, bool, PersistentManager::LockFlags)
#10 0x000001033d8248 in PersistentManager::ReadObjectThreaded(int, PersistentManager::LockFlags)
#11 0x000001033d5e24 in PersistentManager::ReadObject(int, AwakeFromLoadMode)
#12 0x000001027b0e0c in PPtr<MonoBehaviour>::operator MonoBehaviour*() const
#13 0x0000010295af20 in EditorUserBuildSettings_CUSTOM_GetActiveBuildProfile()
#14 0x0000030eec8388 in  (wrapper managed-to-native) UnityEditor.EditorUserBuildSettings:GetActiveBuildProfile_Injected () [{0x12bb98590} + 0x58]  (0x30eec8330 0x30eec83ec) [0x129c82a80 - Unity Child Domain]
#15 0x0000030eec8080 in  UnityEditor.EditorUserBuildSettings:GetActiveBuildProfile () [{0x10e8c00d8} + 0x18]  (0x30eec8068 0x30eec81b0) [0x129c82a80 - Unity Child Domain]
#16 0x0000030eec7fd0 in  UnityEditor.EditorUserBuildSettings:get_activeBuildProfile () [{0x10e8c0088} + 0x10] [/Users/bokken/build/output/unity/unity/Editor/Mono/EditorUserBuildSettings.bindings.cs :: 1154u] (0x30eec7fc0 0x30eec8014) [0x129c82a80 - Unity Child Domain]
#17 0x0000030eec7ce0 in  UnityEditor.Build.BuildDefines:GetBuildProfileScriptDefines () [{0x10e894650} + 0x10] [/Users/bokken/build/output/unity/unity/Modules/BuildPipeline/Editor/Managed/BuildDefines.cs :: 31u] (0x30eec7cd0 0x30eec7d28) [0x129c82a80 - Unity Child Domain]
#18 0x0000030eec7ed0 in  (wrapper runtime-invoke) <Module>:runtime_invoke_object (object,intptr,intptr,intptr) [{0x12bb988a0} + 0x68]  (0x30eec7e68 0x30eec7f6c) [0x129c82a80 - Unity Child Domain]
#19 0x0000030d6cf74c in mono_jit_runtime_invoke
#20 0x0000030d854d00 in do_runtime_invoke
#21 0x0000030d854c40 in mono_runtime_invoke
#22 0x00000103322f58 in scripting_method_invoke(ScriptingMethodPtr, ScriptingObjectPtr, ScriptingArguments&, ScriptingExceptionPtr*, bool)
#23 0x000001032f9bcc in ScriptingInvocation::Invoke(ScriptingExceptionPtr*, bool)
#24 0x000001032f9ca0 in ScriptingArrayPtr ScriptingInvocation::Invoke<ScriptingArrayPtr>(ScriptingExceptionPtr*, bool)
#25 0x00000103452858 in Scripting::UnityEditor::Build::BuildDefinesProxy::GetBuildProfileScriptDefines(ScriptingExceptionPtr*)
#26 0x0000010424bdd8 in invokeEditorBuildProfileScriptCompilationDefines(BuildTargetPlatform, int, core::vector<core::basic_string<char, core::StringStorageDefault<char>>, core::allocator<core::basic_string<char, core::StringStorageDefault<char>>, 0ul>>&)
#27 0x0000010424b8bc in GetScriptCompilationDefines(EditorScriptCompilationOptions, BuildTargetPlatform, int, CompatibilityLevel, core::vector<core::basic_string<char, core::StringStorageDefault<char>>, core::allocator<core::basic_string<char, core::StringStorageDefault<char>>, 0ul>> const&, core::vector<core::basic_string<char, core::StringStorageDefault<char>>, core::allocator<core::basic_string<char, core::StringStorageDefault<char>>, 0ul>>&)
#28 0x0000010424bd2c in GetScriptCompilationDefines(EditorScriptCompilationOptions, BuildTargetPlatform, int, core::vector<core::basic_string<char, core::StringStorageDefault<char>>, core::allocator<core::basic_string<char, core::StringStorageDefault<char>>, 0ul>> const&, core::vector<core::basic_string<char, core::StringStorageDefault<char>>, core::allocator<core::basic_string<char, core::StringStorageDefault<char>>, 0ul>>&)
#29 0x00000103f496ac in EditorUserBuildSettings::GetActiveScriptCompilationDefinesFromCompilationOptions(EditorScriptCompilationOptions, core::vector<core::basic_string<char, core::StringStorageDefault<char>>, core::allocator<core::basic_string<char, core::StringStorageDefault<char>>, 0ul>> const&, core::vector<core::basic_string<char, core::StringStorageDefault<char>>, core::allocator<core::basic_string<char, core::StringStorageDefault<char>>, 0ul>>&)
#30 0x000001045d8a4c in IsPluginCompatible(core::basic_string<char, core::StringStorageDefault<char>>&, BuildTargetPlatform, EditorScriptCompilationOptions, core::vector<core::basic_string<char, core::StringStorageDefault<char>>, core::allocator<core::basic_string<char, core::StringStorageDefault<char>>, 0ul>> const&, IgnoredAssemblies&, PluginImporter*)
#31 0x000001045d822c in IsAssemblyCompatible(TargetAssemblyInfo const&, core::basic_string<char, core::StringStorageDefault<char>>&, BuildTargetPlatform, core::vector<core::basic_string<char, core::StringStorageDefault<char>>, core::allocator<core::basic_string<char, core::StringStorageDefault<char>>, 0ul>> const&, EditorScriptCompilationOptions, IgnoredAssemblies&)
#32 0x000001045d9850 in FilterIncompatibleAndDuplicateAssemblies(core::vector<TargetAssemblyInfo, core::allocator<TargetAssemblyInfo, 0ul>> const&, BuildTargetPlatform, core::vector<core::basic_string<char, core::StringStorageDefault<char>>, core::allocator<core::basic_string<char, core::StringStorageDefault<char>>, 0ul>> const&, EditorScriptCompilationOptions, IgnoredAssemblies&)
#33 0x000001045da050 in CompatibleTargetAssemblies(EditorScriptCompilationOptions, core::vector<TargetAssemblyInfo, core::allocator<TargetAssemblyInfo, 0ul>> const&)
#34 0x000001045eada0 in UpdateTargetAssembliesInMonoManager()
#35 0x000001027a61a4 in CallbackArray::Invoke()
#36 0x000001032c7618 in ProfilerCallbackInvoke<CallbackArray, &GlobalCallbacks::initialDomainReloadingComplete>::Invoke(char const*)
#37 0x000001032c6a24 in MonoManager::ReloadAssembly(AssemblyLoadReason)
#38 0x000001045ee244 in LoadDomainAndUserAssemblies(AssemblyLoadReason)
#39 0x00000104800b28 in AssetImportWorkerClient::ReloadScriptingDomain()
#40 0x0000010481ba78 in invocation function for block in AssetImportWorkerClient::HandleMessage(InitializeMessage const&)::$_11::operator()() const
#41 0x0000018c528658 in _dispatch_client_callout
#42 0x0000018c537db0 in _dispatch_async_and_wait_invoke
#43 0x0000018c528658 in _dispatch_client_callout
#44 0x0000018c536f68 in _dispatch_main_queue_drain
#45 0x0000018c536b84 in _dispatch_main_queue_callback_4CF
#46 0x0000018c800e60 in __CFRUNLOOP_IS_SERVICING_THE_MAIN_DISPATCH_QUEUE__
#47 0x0000018c7c0a4c in __CFRunLoopRun
#48 0x0000018c7bfbc4 in CFRunLoopRunSpecific
#49 0x00000197c2ff64 in RunCurrentEventLoopInMode
#50 0x00000197c35bb4 in ReceiveNextEventCommon
#51 0x00000197c35eb8 in _BlockUntilNextEventMatchingListInModeWithFilter
#52 0x000001902eba08 in _DPSNextEvent
#53 0x00000190c2be0c in -[NSApplication(NSEventRouting) _nextEventMatchingEventMask:untilDate:inMode:dequeue:]
#54 0x000001902deae0 in -[NSApplication run]
#55 0x000001902b5364 in NSApplicationMain
#56 0x000001053d1888 in EditorMain(int, char const**)
#57 0x000001053d1be4 in main
#58 0x0000018c358274 in start
